::1 - - [10/Dec/2025:23:48:44 -0500] "GET /index.php HTTP/1.1" 200 15673
::1 - - [10/Dec/2025:23:48:44 -0500] "POST /carrito/cantidad_carrito.php HTTP/1.1" 200 1
::1 - - [10/Dec/2025:23:48:44 -0500] "GET /productos/ver_productos_cliente.php HTTP/1.1" 200 20803
::1 - - [10/Dec/2025:23:48:44 -0500] "GET /images/comida-de-gato-en-crecimiento-(1).png HTTP/1.1" 200 64946
::1 - - [10/Dec/2025:23:48:44 -0500] "GET /images/Bolsa-de-Comida-para-Gatos.png HTTP/1.1" 200 52281
::1 - - [10/Dec/2025:23:48:44 -0500] "GET /images/shampoo-perro.png HTTP/1.1" 200 73403
::1 - - [10/Dec/2025:23:48:44 -0500] "GET /images/correa-perros.png HTTP/1.1" 200 153872
::1 - - [10/Dec/2025:23:48:44 -0500] "GET /images/pelota-para-perro.png HTTP/1.1" 200 157770
::1 - - [10/Dec/2025:23:48:44 -0500] "GET /images/frisbee-perros.png HTTP/1.1" 200 134042
::1 - - [10/Dec/2025:23:48:44 -0500] "GET /images/comida-para-gatito.png HTTP/1.1" 200 156872
::1 - - [10/Dec/2025:23:48:44 -0500] "GET /images/comida-sin-granos.png HTTP/1.1" 200 300720
::1 - - [10/Dec/2025:23:48:44 -0500] "GET /images/rascador-para-gato.png HTTP/1.1" 200 126603
::1 - - [10/Dec/2025:23:48:44 -0500] "GET /images/cepillo-mascota.png HTTP/1.1" 200 124409
::1 - - [10/Dec/2025:23:48:44 -0500] "GET /images/platoperro.png HTTP/1.1" 200 121204
::1 - - [10/Dec/2025:23:48:44 -0500] "GET /images/juguete-colorido.png HTTP/1.1" 200 115105
::1 - - [10/Dec/2025:23:48:44 -0500] "GET /images/camaperro.png HTTP/1.1" 200 175793
::1 - - [10/Dec/2025:23:48:44 -0500] "GET /images/Bravery-Chicken-Cat-Adult-Gatos-adultos-(1).png HTTP/1.1" 200 140206
::1 - - [10/Dec/2025:23:48:44 -0500] "GET /images/comidaenlatada.png HTTP/1.1" 200 264635
::1 - - [10/Dec/2025:23:48:44 -0500] "GET /images/huesos-juguete-azul-(1).png HTTP/1.1" 200 378526
::1 - - [10/Dec/2025:23:48:44 -0500] "GET /images/croquetas-gatos.png HTTP/1.1" 200 590394
::1 - - [10/Dec/2025:23:48:44 -0500] "GET /images/juguete-masticable.png HTTP/1.1" 200 212013
::1 - - [10/Dec/2025:23:49:12 -0500] "GET /login.php HTTP/1.1" 200 5309
::1 - - [10/Dec/2025:23:49:12 -0500] "GET /styles/login.css HTTP/1.1" 304 -
::1 - - [10/Dec/2025:23:49:12 -0500] "GET /styles/stroke-icons/style.css HTTP/1.1" 304 -
::1 - - [10/Dec/2025:23:49:12 -0500] "GET /vendor/animate.css/animate.css HTTP/1.1" 304 -
::1 - - [10/Dec/2025:23:49:12 -0500] "GET /vendor/fontawesome/css/font-awesome.css HTTP/1.1" 304 -
::1 - - [10/Dec/2025:23:49:12 -0500] "GET /styles/pe-icons/pe-icon-7-stroke.css HTTP/1.1" 304 -
::1 - - [10/Dec/2025:23:49:12 -0500] "GET /vendor/bootstrap/css/bootstrap.css HTTP/1.1" 304 -
::1 - - [10/Dec/2025:23:49:12 -0500] "GET /styles/style.css HTTP/1.1" 304 -
::1 - - [10/Dec/2025:23:49:12 -0500] "GET /styles/pe-icons/helper.css HTTP/1.1" 304 -
::1 - - [10/Dec/2025:23:49:12 -0500] "GET /js/luna.js HTTP/1.1" 304 -
::1 - - [10/Dec/2025:23:49:12 -0500] "GET /vendor/pacejs/pace.min.js HTTP/1.1" 304 -
::1 - - [10/Dec/2025:23:49:12 -0500] "GET /vendor/bootstrap/js/bootstrap.min.js HTTP/1.1" 304 -
::1 - - [10/Dec/2025:23:49:12 -0500] "GET /vendor/jquery/dist/jquery.min.js HTTP/1.1" 304 -
::1 - - [10/Dec/2025:23:49:26 -0500] "GET /phpmyadmin/index.php?route=/sql&pos=0&db=e-commerce&table=usuarios&ajax_request=true&ajax_page_request=true&_nocache=1765428566659200893&token=687923372e4b795b23454f5f68756256 HTTP/1.1" 200 150
::1 - - [10/Dec/2025:23:49:26 -0500] "GET /phpmyadmin/index.php?route=/sql&pos=0&db=e-commerce&table=usuarios HTTP/1.1" 200 4963
::1 - - [10/Dec/2025:23:49:27 -0500] "GET /phpmyadmin/themes/pmahomme/img/logo_right.png HTTP/1.1" 304 -
::1 - - [10/Dec/2025:23:49:31 -0500] "POST /phpmyadmin/index.php?route=/ HTTP/1.1" 200 5096
::1 - - [10/Dec/2025:23:49:37 -0500] "POST /phpmyadmin/index.php?route=/ HTTP/1.1" 200 5097
::1 - - [10/Dec/2025:23:49:39 -0500] "POST /phpmyadmin/index.php?route=/ HTTP/1.1" 200 5015
::1 - - [10/Dec/2025:23:49:44 -0500] "POST /phpmyadmin/index.php?route=/ HTTP/1.1" 200 5100
::1 - - [10/Dec/2025:23:49:47 -0500] "POST /phpmyadmin/index.php?route=/ HTTP/1.1" 200 5098
::1 - - [10/Dec/2025:23:49:54 -0500] "GET /phpmyadmin/index.php?route=/ HTTP/1.1" 200 4935
::1 - - [10/Dec/2025:23:50:01 -0500] "POST /phpmyadmin/index.php?route=/ HTTP/1.1" 200 5067
::1 - - [10/Dec/2025:23:50:03 -0500] "POST /phpmyadmin/index.php?route=/ HTTP/1.1" 200 5072
::1 - - [10/Dec/2025:23:50:03 -0500] "POST /phpmyadmin/index.php?route=/ HTTP/1.1" 200 4983
::1 - - [10/Dec/2025:23:50:05 -0500] "POST /phpmyadmin/index.php?route=/ HTTP/1.1" 200 5066
::1 - - [10/Dec/2025:23:50:08 -0500] "POST /phpmyadmin/index.php?route=/ HTTP/1.1" 200 5066
::1 - - [10/Dec/2025:23:50:09 -0500] "POST /phpmyadmin/index.php?route=/ HTTP/1.1" 200 4981
::1 - - [10/Dec/2025:23:50:33 -0500] "POST /phpmyadmin/index.php?route=/ HTTP/1.1" 302 20
::1 - - [10/Dec/2025:23:50:36 -0500] "GET /phpmyadmin/index.php?route=/&route=%2F HTTP/1.1" 200 16828
::1 - - [10/Dec/2025:23:50:37 -0500] "POST /phpmyadmin/index.php?route=/config/get HTTP/1.1" 200 1511
::1 - - [10/Dec/2025:23:50:37 -0500] "POST /phpmyadmin/index.php?route=/navigation&ajax_request=1 HTTP/1.1" 200 2192
::1 - - [10/Dec/2025:23:50:37 -0500] "POST /phpmyadmin/index.php?route=/config/get HTTP/1.1" 200 1604
::1 - - [10/Dec/2025:23:50:37 -0500] "POST /phpmyadmin/index.php?route=/version-check HTTP/1.1" 200 64
::1 - - [10/Dec/2025:23:50:37 -0500] "POST /phpmyadmin/index.php?route=/config/set HTTP/1.1" 200 1502
::1 - - [10/Dec/2025:23:50:42 -0500] "POST /phpmyadmin/index.php?route=/navigation&ajax_request=1 HTTP/1.1" 200 2108
::1 - - [10/Dec/2025:23:50:44 -0500] "POST /phpmyadmin/index.php?route=/navigation&ajax_request=1 HTTP/1.1" 200 2112
::1 - - [10/Dec/2025:23:50:45 -0500] "GET /phpmyadmin/themes/pmahomme/img/pause.png HTTP/1.1" 304 -
::1 - - [10/Dec/2025:23:50:45 -0500] "GET /phpmyadmin/themes/pmahomme/img/b_index.png HTTP/1.1" 304 -
::1 - - [10/Dec/2025:23:50:45 -0500] "GET /phpmyadmin/index.php?route=/table/structure&db=e-commerce&table=roles&ajax_request=true&ajax_page_request=true&_nocache=1765428645987299150&token=726e69746b4554517178594c5a213f6c HTTP/1.1" 200 8455
::1 - - [10/Dec/2025:23:50:46 -0500] "GET /phpmyadmin/themes/pmahomme/img/b_move.png HTTP/1.1" 304 -
::1 - - [10/Dec/2025:23:50:46 -0500] "GET /phpmyadmin/themes/pmahomme/img/b_unique.png HTTP/1.1" 304 -
::1 - - [10/Dec/2025:23:50:46 -0500] "GET /phpmyadmin/themes/pmahomme/img/normalize.png HTTP/1.1" 304 -
::1 - - [10/Dec/2025:23:50:46 -0500] "GET /phpmyadmin/themes/pmahomme/img/b_ftext.png HTTP/1.1" 304 -
::1 - - [10/Dec/2025:23:50:46 -0500] "GET /phpmyadmin/themes/pmahomme/img/b_spatial.png HTTP/1.1" 304 -
::1 - - [10/Dec/2025:23:50:46 -0500] "GET /phpmyadmin/themes/pmahomme/img/b_edit.png HTTP/1.1" 304 -
::1 - - [10/Dec/2025:23:50:46 -0500] "GET /phpmyadmin/themes/pmahomme/img/b_primary.png HTTP/1.1" 304 -
::1 - - [10/Dec/2025:23:50:46 -0500] "GET /phpmyadmin/js/dist/table/structure.js?v=5.2.0 HTTP/1.1" 304 -
::1 - - [10/Dec/2025:23:50:46 -0500] "GET /phpmyadmin/themes/pmahomme/img/b_rename.svg HTTP/1.1" 200 881
::1 - - [10/Dec/2025:23:50:46 -0500] "GET /phpmyadmin/index.php?route=/recent-table&ajax_request=1&recent_table=1&no_debug=true&_nocache=1765428646226689641&token=726e69746b4554517178594c5a213f6c HTTP/1.1" 200 1558
::1 - - [10/Dec/2025:23:50:46 -0500] "GET /phpmyadmin/index.php?route=/table/structure&db=e-commerce&table=roles&ajax_request=true&ajax_page_request=true&_nocache=1765428646971329001&token=726e69746b4554517178594c5a213f6c HTTP/1.1" 200 8455
::1 - - [10/Dec/2025:23:50:47 -0500] "GET /phpmyadmin/index.php?route=/recent-table&ajax_request=1&recent_table=1&no_debug=true&_nocache=1765428647147436619&token=726e69746b4554517178594c5a213f6c HTTP/1.1" 200 1558
::1 - - [10/Dec/2025:23:50:48 -0500] "GET /phpmyadmin/index.php?route=/table/structure&db=e-commerce&table=roles&ajax_request=true&ajax_page_request=true&_nocache=1765428648308591819&token=726e69746b4554517178594c5a213f6c HTTP/1.1" 200 8455
::1 - - [10/Dec/2025:23:50:48 -0500] "GET /phpmyadmin/index.php?route=/recent-table&ajax_request=1&recent_table=1&no_debug=true&_nocache=1765428648491912814&token=726e69746b4554517178594c5a213f6c HTTP/1.1" 200 1558
::1 - - [10/Dec/2025:23:50:51 -0500] "GET /phpmyadmin/index.php?route=/table/sql&db=e-commerce&table=roles&ajax_request=true&ajax_page_request=true&_nocache=1765428651031671536&token=726e69746b4554517178594c5a213f6c HTTP/1.1" 200 5661
::1 - - [10/Dec/2025:23:50:51 -0500] "GET /phpmyadmin/index.php?route=/recent-table&ajax_request=1&recent_table=1&no_debug=true&_nocache=1765428651218977966&token=726e69746b4554517178594c5a213f6c HTTP/1.1" 200 1558
::1 - - [10/Dec/2025:23:50:51 -0500] "POST /phpmyadmin/index.php?route=/lint HTTP/1.1" 200 28
::1 - - [10/Dec/2025:23:50:57 -0500] "POST /phpmyadmin/index.php?route=/import HTTP/1.1" 200 5455
::1 - - [10/Dec/2025:23:50:57 -0500] "GET /phpmyadmin/themes/pmahomme/img/s_success.png HTTP/1.1" 304 -
::1 - - [10/Dec/2025:23:50:57 -0500] "GET /phpmyadmin/themes/pmahomme/img/col_drop.png HTTP/1.1" 200 111
::1 - - [10/Dec/2025:23:50:57 -0500] "GET /phpmyadmin/themes/pmahomme/img/s_fulltext.png HTTP/1.1" 200 176
::1 - - [10/Dec/2025:23:51:05 -0500] "GET /phpmyadmin/index.php?route=/sql&pos=0&db=e-commerce&table=clientes&ajax_request=true&ajax_page_request=true&_nocache=1765428665226171251&token=726e69746b4554517178594c5a213f6c HTTP/1.1" 200 10263
::1 - - [10/Dec/2025:23:51:05 -0500] "GET /phpmyadmin/index.php?route=/recent-table&ajax_request=1&recent_table=1&no_debug=true&_nocache=1765428665527519889&token=726e69746b4554517178594c5a213f6c HTTP/1.1" 200 1572
::1 - - [10/Dec/2025:23:51:37 -0500] "POST /conexion/controlador.php HTTP/1.1" 200 5
::1 - - [10/Dec/2025:23:51:51 -0500] "POST /conexion/controlador.php HTTP/1.1" 200 7
::1 - - [10/Dec/2025:23:51:51 -0500] "GET /index.php HTTP/1.1" 200 16178
::1 - - [10/Dec/2025:23:51:51 -0500] "GET /productos/ver_productos_cliente.php HTTP/1.1" 200 20803
::1 - - [10/Dec/2025:23:51:51 -0500] "POST /carrito/cantidad_carrito.php HTTP/1.1" 200 1
::1 - - [10/Dec/2025:23:52:00 -0500] "GET /index-2.php HTTP/1.1" 200 6917
::1 - - [10/Dec/2025:23:52:01 -0500] "GET /images/profile.jpg HTTP/1.1" 404 196
::1 - - [10/Dec/2025:23:52:01 -0500] "GET /vendor/toastr/toastr.min.css HTTP/1.1" 200 5993
::1 - - [10/Dec/2025:23:52:01 -0500] "GET /vendor/flot/jquery.flot.spline.js HTTP/1.1" 200 6464
::1 - - [10/Dec/2025:23:52:01 -0500] "GET /vendor/flot/jquery.flot.resize.min.js HTTP/1.1" 200 2344
::1 - - [10/Dec/2025:23:52:01 -0500] "GET /vendor/toastr/toastr.min.js HTTP/1.1" 200 4953
::1 - - [10/Dec/2025:23:52:01 -0500] "GET /styles/stroke-icons/stroke798b.woff?-yg5sl9 HTTP/1.1" 200 19900
::1 - - [10/Dec/2025:23:52:01 -0500] "GET /vendor/sparkline/index.js HTTP/1.1" 200 123446
::1 - - [10/Dec/2025:23:52:01 -0500] "GET /vendor/fontawesome/fonts/fontawesome-webfont3295.woff2?v=4.5.0 HTTP/1.1" 200 66624
::1 - - [10/Dec/2025:23:52:01 -0500] "GET /vendor/flot/jquery.flot.min.js HTTP/1.1" 200 52966
::1 - - [10/Dec/2025:23:52:05 -0500] "GET /ventas.php HTTP/1.1" 200 10785
::1 - - [10/Dec/2025:23:52:05 -0500] "GET /images/profile.jpg HTTP/1.1" 404 196
::1 - - [10/Dec/2025:23:52:05 -0500] "GET /styles/dashboardART.css HTTP/1.1" 200 1593
::1 - - [10/Dec/2025:23:52:05 -0500] "GET /vendor/datatables/datatables.min.js HTTP/1.1" 200 1189517
::1 - - [10/Dec/2025:23:52:05 -0500] "POST /ventas/graficoventas_tabla.php HTTP/1.1" 200 851
::1 - - [10/Dec/2025:23:52:10 -0500] "GET /cliente.php HTTP/1.1" 200 6813
::1 - - [10/Dec/2025:23:52:10 -0500] "GET /images/profile.jpg HTTP/1.1" 404 196
::1 - - [10/Dec/2025:23:52:12 -0500] "GET /cliente.php HTTP/1.1" 200 6813
::1 - - [10/Dec/2025:23:52:12 -0500] "GET /images/profile.jpg HTTP/1.1" 404 196
::1 - - [10/Dec/2025:23:52:13 -0500] "POST /cliente/ver_clientes.php HTTP/1.1" 200 328
::1 - - [10/Dec/2025:23:52:20 -0500] "GET /perfil.php HTTP/1.1" 200 12567
::1 - - [10/Dec/2025:23:52:20 -0500] "GET /images/profile.jpg HTTP/1.1" 404 196
::1 - - [10/Dec/2025:23:52:20 -0500] "GET /path/to/default/image.jpg HTTP/1.1" 404 196
::1 - - [10/Dec/2025:23:52:20 -0500] "POST /cliente/ver_cliente.php HTTP/1.1" 200 110
::1 - - [10/Dec/2025:23:52:20 -0500] "GET /images/default.png HTTP/1.1" 200 69203
::1 - - [10/Dec/2025:23:52:26 -0500] "GET /ventas.php HTTP/1.1" 200 10785
::1 - - [10/Dec/2025:23:52:26 -0500] "GET /images/profile.jpg HTTP/1.1" 404 196
::1 - - [10/Dec/2025:23:52:26 -0500] "POST /ventas/graficoventas_tabla.php HTTP/1.1" 200 851
::1 - - [10/Dec/2025:23:52:44 -0500] "GET /productos.php HTTP/1.1" 200 15968
::1 - - [10/Dec/2025:23:52:44 -0500] "GET /images/profile.jpg HTTP/1.1" 404 196
::1 - - [10/Dec/2025:23:52:44 -0500] "POST /productos/ver_productos.php HTTP/1.1" 200 7332
::1 - - [10/Dec/2025:23:52:56 -0500] "GET /perfil.php HTTP/1.1" 200 12567
::1 - - [10/Dec/2025:23:52:56 -0500] "GET /images/profile.jpg HTTP/1.1" 404 196
::1 - - [10/Dec/2025:23:52:56 -0500] "GET /path/to/default/image.jpg HTTP/1.1" 404 196
::1 - - [10/Dec/2025:23:52:56 -0500] "POST /cliente/ver_cliente.php HTTP/1.1" 200 110
::1 - - [10/Dec/2025:23:53:02 -0500] "GET /ventas.php HTTP/1.1" 200 10785
::1 - - [10/Dec/2025:23:53:02 -0500] "GET /images/profile.jpg HTTP/1.1" 404 196
::1 - - [10/Dec/2025:23:53:02 -0500] "POST /ventas/graficoventas_tabla.php HTTP/1.1" 200 851
::1 - - [10/Dec/2025:23:53:06 -0500] "GET /productos.php HTTP/1.1" 200 15968
::1 - - [10/Dec/2025:23:53:06 -0500] "GET /images/profile.jpg HTTP/1.1" 404 196
::1 - - [10/Dec/2025:23:53:06 -0500] "POST /productos/ver_productos.php HTTP/1.1" 200 7332
::1 - - [10/Dec/2025:23:53:10 -0500] "GET /cliente.php HTTP/1.1" 200 6813
::1 - - [10/Dec/2025:23:53:10 -0500] "GET /images/profile.jpg HTTP/1.1" 404 196
::1 - - [10/Dec/2025:23:53:10 -0500] "POST /cliente/ver_clientes.php HTTP/1.1" 200 328
::1 - - [10/Dec/2025:23:53:14 -0500] "GET /perfil.php HTTP/1.1" 200 12567
::1 - - [10/Dec/2025:23:53:14 -0500] "GET /images/profile.jpg HTTP/1.1" 404 196
::1 - - [10/Dec/2025:23:53:14 -0500] "GET /path/to/default/image.jpg HTTP/1.1" 404 196
::1 - - [10/Dec/2025:23:53:14 -0500] "POST /cliente/ver_cliente.php HTTP/1.1" 200 110
::1 - - [10/Dec/2025:23:54:42 -0500] "GET /ventas.php HTTP/1.1" 200 10785
::1 - - [10/Dec/2025:23:54:42 -0500] "GET /images/profile.jpg HTTP/1.1" 404 196
::1 - - [10/Dec/2025:23:54:43 -0500] "POST /ventas/graficoventas_tabla.php HTTP/1.1" 200 851
::1 - - [10/Dec/2025:23:54:56 -0500] "GET /productos.php HTTP/1.1" 200 15968
::1 - - [10/Dec/2025:23:54:56 -0500] "GET /images/profile.jpg HTTP/1.1" 404 196
::1 - - [10/Dec/2025:23:54:56 -0500] "POST /productos/ver_productos.php HTTP/1.1" 200 7332
::1 - - [10/Dec/2025:23:54:57 -0500] "GET /cliente.php HTTP/1.1" 200 6813
::1 - - [10/Dec/2025:23:54:57 -0500] "GET /images/profile.jpg HTTP/1.1" 404 196
::1 - - [10/Dec/2025:23:54:57 -0500] "POST /cliente/ver_clientes.php HTTP/1.1" 200 328
::1 - - [10/Dec/2025:23:54:57 -0500] "GET /perfil.php HTTP/1.1" 200 12567
::1 - - [10/Dec/2025:23:54:57 -0500] "GET /images/profile.jpg HTTP/1.1" 404 196
::1 - - [10/Dec/2025:23:54:57 -0500] "GET /path/to/default/image.jpg HTTP/1.1" 404 196
::1 - - [10/Dec/2025:23:54:57 -0500] "POST /cliente/ver_cliente.php HTTP/1.1" 200 110
::1 - - [10/Dec/2025:23:54:59 -0500] "GET /index-2.php HTTP/1.1" 200 6917
::1 - - [10/Dec/2025:23:54:59 -0500] "GET /images/profile.jpg HTTP/1.1" 404 196
::1 - - [10/Dec/2025:23:55:05 -0500] "GET /index.php HTTP/1.1" 200 16178
::1 - - [10/Dec/2025:23:55:05 -0500] "POST /carrito/cantidad_carrito.php HTTP/1.1" 200 1
::1 - - [10/Dec/2025:23:55:05 -0500] "GET /productos/ver_productos_cliente.php HTTP/1.1" 200 20803
::1 - - [10/Dec/2025:23:55:10 -0500] "POST /carrito/anadir_carrito.php HTTP/1.1" 200 61
::1 - - [10/Dec/2025:23:55:12 -0500] "GET /productos/ver_productos_cliente.php HTTP/1.1" 200 20803
::1 - - [10/Dec/2025:23:55:15 -0500] "GET /carrito.php HTTP/1.1" 200 14795
::1 - - [10/Dec/2025:23:55:15 -0500] "GET /styles/carrito.css HTTP/1.1" 200 1789
::1 - - [10/Dec/2025:23:55:18 -0500] "POST /carrito/cantidad_carrito.php HTTP/1.1" 200 1
::1 - - [10/Dec/2025:23:55:18 -0500] "GET /carrito/controlador_carrito.php HTTP/1.1" 200 619
::1 - - [10/Dec/2025:23:55:18 -0500] "POST /carrito/cantidad_carrito.php HTTP/1.1" 200 1
::1 - - [10/Dec/2025:23:55:55 -0500] "POST /carrito/cantidad_carrito.php HTTP/1.1" 200 1
::1 - - [10/Dec/2025:23:55:55 -0500] "POST /carrito/actualizar_carrito.php HTTP/1.1" 200 -
::1 - - [10/Dec/2025:23:55:57 -0500] "POST /carrito/actualizar_carrito.php HTTP/1.1" 200 -
::1 - - [10/Dec/2025:23:55:57 -0500] "POST /carrito/cantidad_carrito.php HTTP/1.1" 200 1
::1 - - [10/Dec/2025:23:55:59 -0500] "GET /index.php HTTP/1.1" 200 16178
::1 - - [10/Dec/2025:23:55:59 -0500] "GET /assets/css/bootstrap.min.css HTTP/1.1" 304 -
::1 - - [10/Dec/2025:23:55:59 -0500] "GET /assets/css/templatemo.css HTTP/1.1" 304 -
::1 - - [10/Dec/2025:23:55:59 -0500] "GET /assets/css/custom.css HTTP/1.1" 304 -
::1 - - [10/Dec/2025:23:55:59 -0500] "GET /assets/css/fontawesome.min.css HTTP/1.1" 304 -
::1 - - [10/Dec/2025:23:55:59 -0500] "GET /images/happy-dog-and-cat.png HTTP/1.1" 304 -
::1 - - [10/Dec/2025:23:55:59 -0500] "GET /images/juegute-divrtido-para-gatos.png HTTP/1.1" 304 -
::1 - - [10/Dec/2025:23:55:59 -0500] "GET /assets/js/jquery-1.11.0.min.js HTTP/1.1" 304 -
::1 - - [10/Dec/2025:23:55:59 -0500] "GET /images/Plato-de-croquetas.png HTTP/1.1" 304 -
::1 - - [10/Dec/2025:23:55:59 -0500] "GET /assets/js/jquery-migrate-1.2.1.min.js HTTP/1.1" 304 -
::1 - - [10/Dec/2025:23:55:59 -0500] "GET /assets/js/bootstrap.bundle.min.js HTTP/1.1" 304 -
::1 - - [10/Dec/2025:23:55:59 -0500] "GET /assets/js/templatemo.js HTTP/1.1" 304 -
::1 - - [10/Dec/2025:23:55:59 -0500] "GET /assets/js/custom.js HTTP/1.1" 304 -
::1 - - [10/Dec/2025:23:55:59 -0500] "GET /assets/webfonts/fa-solid-900.woff2 HTTP/1.1" 304 -
::1 - - [10/Dec/2025:23:55:59 -0500] "GET /productos/ver_productos_cliente.php HTTP/1.1" 200 20803
::1 - - [10/Dec/2025:23:55:59 -0500] "GET /assets/webfonts/fa-brands-400.woff2 HTTP/1.1" 304 -
::1 - - [10/Dec/2025:23:55:59 -0500] "POST /carrito/cantidad_carrito.php HTTP/1.1" 200 1
::1 - - [10/Dec/2025:23:56:04 -0500] "POST /carrito/anadir_carrito.php HTTP/1.1" 200 61
::1 - - [10/Dec/2025:23:56:05 -0500] "GET /productos/ver_productos_cliente.php HTTP/1.1" 200 20803
::1 - - [10/Dec/2025:23:56:08 -0500] "GET /carrito.php HTTP/1.1" 200 14795
::1 - - [10/Dec/2025:23:56:08 -0500] "GET /carrito/controlador_carrito.php HTTP/1.1" 200 1126
::1 - - [10/Dec/2025:23:56:08 -0500] "POST /carrito/cantidad_carrito.php HTTP/1.1" 200 1
::1 - - [10/Dec/2025:23:56:08 -0500] "GET /images/cepillo-mascota.png HTTP/1.1" 304 -
::1 - - [10/Dec/2025:23:56:08 -0500] "GET /images/platoperro.png HTTP/1.1" 304 -
::1 - - [10/Dec/2025:23:56:10 -0500] "POST /carrito/cantidad_carrito.php HTTP/1.1" 200 1
::1 - - [10/Dec/2025:23:56:16 -0500] "GET /index.php HTTP/1.1" 200 16178
::1 - - [10/Dec/2025:23:56:16 -0500] "GET /productos/ver_productos_cliente.php HTTP/1.1" 200 20803
::1 - - [10/Dec/2025:23:56:16 -0500] "POST /carrito/cantidad_carrito.php HTTP/1.1" 200 1
::1 - - [10/Dec/2025:23:56:16 -0500] "GET /images/comida-de-gato-en-crecimiento-(1).png HTTP/1.1" 304 -
::1 - - [10/Dec/2025:23:56:16 -0500] "GET /images/Bolsa-de-Comida-para-Gatos.png HTTP/1.1" 304 -
::1 - - [10/Dec/2025:23:56:16 -0500] "GET /images/shampoo-perro.png HTTP/1.1" 304 -
::1 - - [10/Dec/2025:23:56:16 -0500] "GET /images/correa-perros.png HTTP/1.1" 304 -
::1 - - [10/Dec/2025:23:56:16 -0500] "GET /images/frisbee-perros.png HTTP/1.1" 304 -
::1 - - [10/Dec/2025:23:56:16 -0500] "GET /images/pelota-para-perro.png HTTP/1.1" 304 -
::1 - - [10/Dec/2025:23:56:16 -0500] "GET /images/comida-sin-granos.png HTTP/1.1" 304 -
::1 - - [10/Dec/2025:23:56:16 -0500] "GET /images/comida-para-gatito.png HTTP/1.1" 304 -
::1 - - [10/Dec/2025:23:56:16 -0500] "GET /images/juguete-colorido.png HTTP/1.1" 304 -
::1 - - [10/Dec/2025:23:56:16 -0500] "GET /images/rascador-para-gato.png HTTP/1.1" 304 -
::1 - - [10/Dec/2025:23:56:16 -0500] "GET /images/camaperro.png HTTP/1.1" 304 -
::1 - - [10/Dec/2025:23:56:16 -0500] "GET /images/croquetas-gatos.png HTTP/1.1" 304 -
::1 - - [10/Dec/2025:23:56:16 -0500] "GET /images/comidaenlatada.png HTTP/1.1" 304 -
::1 - - [10/Dec/2025:23:56:16 -0500] "GET /images/Bravery-Chicken-Cat-Adult-Gatos-adultos-(1).png HTTP/1.1" 304 -
::1 - - [10/Dec/2025:23:56:16 -0500] "GET /images/huesos-juguete-azul-(1).png HTTP/1.1" 304 -
::1 - - [10/Dec/2025:23:56:16 -0500] "GET /images/juguete-masticable.png HTTP/1.1" 304 -
::1 - - [10/Dec/2025:23:57:16 -0500] "-" 408 -
::1 - - [10/Dec/2025:23:57:16 -0500] "-" 408 -
::1 - - [11/Dec/2025:00:15:00 -0500] "POST /phpmyadmin/index.php?route=/ HTTP/1.1" 200 1549
::1 - - [11/Dec/2025:09:59:00 -0500] "POST /phpmyadmin/index.php?route=/ HTTP/1.1" 200 2394
::1 - - [11/Dec/2025:09:59:07 -0500] "GET /phpmyadmin/themes/pmahomme/img/logo_right.png HTTP/1.1" 304 -
::1 - - [11/Dec/2025:11:24:10 -0500] "GET / HTTP/1.1" 200 16178
::1 - - [11/Dec/2025:11:24:10 -0500] "GET /assets/css/custom.css HTTP/1.1" 304 -
::1 - - [11/Dec/2025:11:24:10 -0500] "GET /assets/css/templatemo.css HTTP/1.1" 304 -
::1 - - [11/Dec/2025:11:24:10 -0500] "GET /images/happy-dog-and-cat.png HTTP/1.1" 304 -
::1 - - [11/Dec/2025:11:24:10 -0500] "GET /images/juegute-divrtido-para-gatos.png HTTP/1.1" 304 -
::1 - - [11/Dec/2025:11:24:10 -0500] "GET /assets/css/fontawesome.min.css HTTP/1.1" 304 -
::1 - - [11/Dec/2025:11:24:10 -0500] "GET /assets/css/bootstrap.min.css HTTP/1.1" 304 -
::1 - - [11/Dec/2025:11:24:10 -0500] "GET /assets/js/jquery-1.11.0.min.js HTTP/1.1" 304 -
::1 - - [11/Dec/2025:11:24:10 -0500] "GET /assets/js/custom.js HTTP/1.1" 304 -
::1 - - [11/Dec/2025:11:24:10 -0500] "GET /images/Plato-de-croquetas.png HTTP/1.1" 304 -
::1 - - [11/Dec/2025:11:24:10 -0500] "GET /assets/js/templatemo.js HTTP/1.1" 304 -
::1 - - [11/Dec/2025:11:24:10 -0500] "GET /assets/js/jquery-migrate-1.2.1.min.js HTTP/1.1" 304 -
::1 - - [11/Dec/2025:11:24:10 -0500] "GET /assets/js/bootstrap.bundle.min.js HTTP/1.1" 304 -
::1 - - [11/Dec/2025:11:24:10 -0500] "GET /assets/webfonts/fa-brands-400.woff2 HTTP/1.1" 304 -
::1 - - [11/Dec/2025:11:24:10 -0500] "GET /assets/webfonts/fa-solid-900.woff2 HTTP/1.1" 304 -
::1 - - [11/Dec/2025:11:24:10 -0500] "GET /productos/ver_productos_cliente.php HTTP/1.1" 200 20803
::1 - - [11/Dec/2025:11:24:10 -0500] "POST /carrito/cantidad_carrito.php HTTP/1.1" 200 1
::1 - - [11/Dec/2025:11:24:10 -0500] "GET /images/pelota-para-perro.png HTTP/1.1" 304 -
::1 - - [11/Dec/2025:11:24:10 -0500] "GET /images/Bolsa-de-Comida-para-Gatos.png HTTP/1.1" 304 -
::1 - - [11/Dec/2025:11:24:10 -0500] "GET /images/comida-de-gato-en-crecimiento-(1).png HTTP/1.1" 304 -
::1 - - [11/Dec/2025:11:24:10 -0500] "GET /images/frisbee-perros.png HTTP/1.1" 304 -
::1 - - [11/Dec/2025:11:24:10 -0500] "GET /images/correa-perros.png HTTP/1.1" 304 -
::1 - - [11/Dec/2025:11:24:10 -0500] "GET /images/shampoo-perro.png HTTP/1.1" 304 -
::1 - - [11/Dec/2025:11:24:10 -0500] "GET /images/cepillo-mascota.png HTTP/1.1" 304 -
::1 - - [11/Dec/2025:11:24:10 -0500] "GET /images/comida-para-gatito.png HTTP/1.1" 304 -
::1 - - [11/Dec/2025:11:24:10 -0500] "GET /images/comida-sin-granos.png HTTP/1.1" 304 -
::1 - - [11/Dec/2025:11:24:10 -0500] "GET /images/rascador-para-gato.png HTTP/1.1" 304 -
::1 - - [11/Dec/2025:11:24:10 -0500] "GET /images/juguete-colorido.png HTTP/1.1" 304 -
::1 - - [11/Dec/2025:11:24:10 -0500] "GET /images/platoperro.png HTTP/1.1" 304 -
::1 - - [11/Dec/2025:11:24:10 -0500] "GET /images/comidaenlatada.png HTTP/1.1" 304 -
::1 - - [11/Dec/2025:11:24:10 -0500] "GET /images/juguete-masticable.png HTTP/1.1" 304 -
::1 - - [11/Dec/2025:11:24:10 -0500] "GET /images/Bravery-Chicken-Cat-Adult-Gatos-adultos-(1).png HTTP/1.1" 304 -
::1 - - [11/Dec/2025:11:24:10 -0500] "GET /images/camaperro.png HTTP/1.1" 304 -
::1 - - [11/Dec/2025:11:24:10 -0500] "GET /images/croquetas-gatos.png HTTP/1.1" 304 -
::1 - - [11/Dec/2025:11:24:10 -0500] "GET /images/huesos-juguete-azul-(1).png HTTP/1.1" 304 -
::1 - - [11/Dec/2025:11:47:10 -0500] "GET / HTTP/1.1" 200 16664
::1 - - [11/Dec/2025:11:47:10 -0500] "GET /productos/ver_productos_cliente.php HTTP/1.1" 200 20803
::1 - - [11/Dec/2025:11:47:10 -0500] "POST /carrito/cantidad_carrito.php HTTP/1.1" 200 1
::1 - - [11/Dec/2025:11:47:10 -0500] "GET /images/ecopets.png HTTP/1.1" 304 -
::1 - - [11/Dec/2025:11:52:37 -0500] "GET / HTTP/1.1" 200 16659
::1 - - [11/Dec/2025:11:52:37 -0500] "POST /carrito/cantidad_carrito.php HTTP/1.1" 200 1
::1 - - [11/Dec/2025:11:52:37 -0500] "GET /productos/ver_productos_cliente.php HTTP/1.1" 200 15099
::1 - - [11/Dec/2025:11:52:48 -0500] "GET /productos/ver_productos_cliente.php?q= HTTP/1.1" 200 15099
::1 - - [11/Dec/2025:11:52:48 -0500] "GET /productos/ver_productos_cliente.php?q= HTTP/1.1" 200 15099
::1 - - [11/Dec/2025:11:52:49 -0500] "GET /productos/ver_productos_cliente.php?q= HTTP/1.1" 200 15099
::1 - - [11/Dec/2025:11:52:49 -0500] "GET /productos/ver_productos_cliente.php?q= HTTP/1.1" 200 15099
::1 - - [11/Dec/2025:11:52:49 -0500] "GET /productos/ver_productos_cliente.php?q= HTTP/1.1" 200 15099
::1 - - [11/Dec/2025:11:52:49 -0500] "GET /productos/ver_productos_cliente.php?q= HTTP/1.1" 200 15099
::1 - - [11/Dec/2025:11:52:49 -0500] "GET /productos/ver_productos_cliente.php?q= HTTP/1.1" 200 15099
::1 - - [11/Dec/2025:11:52:49 -0500] "GET /productos/ver_productos_cliente.php?q= HTTP/1.1" 200 15099
::1 - - [11/Dec/2025:11:52:51 -0500] "GET / HTTP/1.1" 200 16659
::1 - - [11/Dec/2025:11:52:51 -0500] "GET /productos/ver_productos_cliente.php HTTP/1.1" 200 15099
::1 - - [11/Dec/2025:11:52:51 -0500] "POST /carrito/cantidad_carrito.php HTTP/1.1" 200 1
::1 - - [11/Dec/2025:11:52:51 -0500] "GET / HTTP/1.1" 200 16659
::1 - - [11/Dec/2025:11:52:51 -0500] "GET /productos/ver_productos_cliente.php HTTP/1.1" 200 15099
::1 - - [11/Dec/2025:11:52:51 -0500] "POST /carrito/cantidad_carrito.php HTTP/1.1" 200 1
::1 - - [11/Dec/2025:11:52:56 -0500] "GET /.well-known/appspecific/com.chrome.devtools.json HTTP/1.1" 404 196
::1 - - [11/Dec/2025:11:52:56 -0500] "GET /assets/js/bootstrap.bundle.min.js.map HTTP/1.1" 404 196
::1 - - [11/Dec/2025:11:52:56 -0500] "GET /assets/css/bootstrap.min.css.map HTTP/1.1" 404 196
::1 - - [11/Dec/2025:11:52:58 -0500] "GET /productos/ver_productos_cliente.php?q= HTTP/1.1" 200 15099
::1 - - [11/Dec/2025:11:52:58 -0500] "GET /productos/ver_productos_cliente.php?q= HTTP/1.1" 200 15099
::1 - - [11/Dec/2025:11:52:58 -0500] "GET /productos/ver_productos_cliente.php?q= HTTP/1.1" 200 15099
::1 - - [11/Dec/2025:11:52:58 -0500] "GET /productos/ver_productos_cliente.php?q= HTTP/1.1" 200 15099
::1 - - [11/Dec/2025:11:52:59 -0500] "GET /productos/ver_productos_cliente.php?q= HTTP/1.1" 200 15099
::1 - - [11/Dec/2025:11:53:01 -0500] "GET /productos/ver_productos_cliente.php?q= HTTP/1.1" 200 15099
::1 - - [11/Dec/2025:11:53:01 -0500] "GET /productos/ver_productos_cliente.php?q= HTTP/1.1" 200 15099
::1 - - [11/Dec/2025:11:53:01 -0500] "GET /productos/ver_productos_cliente.php?q= HTTP/1.1" 200 15099
::1 - - [11/Dec/2025:11:53:40 -0500] "GET / HTTP/1.1" 200 16659
::1 - - [11/Dec/2025:11:53:40 -0500] "GET /.well-known/appspecific/com.chrome.devtools.json HTTP/1.1" 404 196
::1 - - [11/Dec/2025:11:53:40 -0500] "GET /assets/css/bootstrap.min.css.map HTTP/1.1" 404 196
::1 - - [11/Dec/2025:11:53:40 -0500] "GET /assets/js/bootstrap.bundle.min.js.map HTTP/1.1" 404 196
::1 - - [11/Dec/2025:11:53:40 -0500] "GET /productos/ver_productos_cliente.php HTTP/1.1" 200 15099
::1 - - [11/Dec/2025:11:53:40 -0500] "POST /carrito/cantidad_carrito.php HTTP/1.1" 200 1
::1 - - [11/Dec/2025:11:53:52 -0500] "GET /productos/ver_productos_cliente.php?q= HTTP/1.1" 200 15099
::1 - - [11/Dec/2025:11:53:52 -0500] "GET /productos/ver_productos_cliente.php?q= HTTP/1.1" 200 15099
::1 - - [11/Dec/2025:11:53:52 -0500] "GET /productos/ver_productos_cliente.php?q= HTTP/1.1" 200 15099
::1 - - [11/Dec/2025:11:53:53 -0500] "GET /productos/ver_productos_cliente.php?q= HTTP/1.1" 200 15099
::1 - - [11/Dec/2025:11:53:53 -0500] "GET /productos/ver_productos_cliente.php?q= HTTP/1.1" 200 15099
::1 - - [11/Dec/2025:11:53:53 -0500] "GET /productos/ver_productos_cliente.php?q= HTTP/1.1" 200 15099
::1 - - [11/Dec/2025:11:53:53 -0500] "GET /productos/ver_productos_cliente.php?q= HTTP/1.1" 200 15099
::1 - - [11/Dec/2025:11:53:53 -0500] "GET /productos/ver_productos_cliente.php?q= HTTP/1.1" 200 15099
::1 - - [11/Dec/2025:11:53:54 -0500] "GET /productos/ver_productos_cliente.php?q= HTTP/1.1" 200 15099
::1 - - [11/Dec/2025:11:53:54 -0500] "GET /productos/ver_productos_cliente.php?q= HTTP/1.1" 200 15099
::1 - - [11/Dec/2025:11:53:54 -0500] "GET /productos/ver_productos_cliente.php?q= HTTP/1.1" 200 15099
::1 - - [11/Dec/2025:11:53:54 -0500] "GET /productos/ver_productos_cliente.php?q= HTTP/1.1" 200 15099
::1 - - [11/Dec/2025:11:53:54 -0500] "GET /productos/ver_productos_cliente.php?q= HTTP/1.1" 200 15099
::1 - - [11/Dec/2025:11:53:54 -0500] "GET /productos/ver_productos_cliente.php?q= HTTP/1.1" 200 15099
::1 - - [11/Dec/2025:11:53:55 -0500] "GET /productos/ver_productos_cliente.php?q= HTTP/1.1" 200 15099
::1 - - [11/Dec/2025:11:53:55 -0500] "GET /productos/ver_productos_cliente.php?q= HTTP/1.1" 200 15099
::1 - - [11/Dec/2025:11:53:55 -0500] "GET /productos/ver_productos_cliente.php?q= HTTP/1.1" 200 15099
::1 - - [11/Dec/2025:11:53:55 -0500] "GET /productos/ver_productos_cliente.php?q= HTTP/1.1" 200 15099
::1 - - [11/Dec/2025:11:53:55 -0500] "GET /productos/ver_productos_cliente.php?q= HTTP/1.1" 200 15099
::1 - - [11/Dec/2025:12:01:49 -0500] "GET / HTTP/1.1" 200 16659
::1 - - [11/Dec/2025:12:01:49 -0500] "GET /.well-known/appspecific/com.chrome.devtools.json HTTP/1.1" 404 196
::1 - - [11/Dec/2025:12:01:49 -0500] "GET /assets/css/bootstrap.min.css.map HTTP/1.1" 404 196
::1 - - [11/Dec/2025:12:01:49 -0500] "GET /assets/js/bootstrap.bundle.min.js.map HTTP/1.1" 404 196
::1 - - [11/Dec/2025:12:01:49 -0500] "GET /productos/ver_productos_cliente.php HTTP/1.1" 200 15099
::1 - - [11/Dec/2025:12:01:49 -0500] "POST /carrito/cantidad_carrito.php HTTP/1.1" 200 1
::1 - - [11/Dec/2025:12:02:49 -0500] "-" 408 -
::1 - - [11/Dec/2025:12:24:46 -0500] "GET / HTTP/1.1" 200 16659
::1 - - [11/Dec/2025:12:24:46 -0500] "GET /productos/ver_productos_cliente.php HTTP/1.1" 200 15099
::1 - - [11/Dec/2025:12:24:46 -0500] "POST /carrito/cantidad_carrito.php HTTP/1.1" 200 1
::1 - - [11/Dec/2025:12:24:59 -0500] "GET /productos/ver_productos_cliente.php?q= HTTP/1.1" 200 15099
::1 - - [11/Dec/2025:12:25:00 -0500] "GET /productos/ver_productos_cliente.php?q= HTTP/1.1" 200 15099
::1 - - [11/Dec/2025:12:25:00 -0500] "GET /productos/ver_productos_cliente.php?q= HTTP/1.1" 200 15099
::1 - - [11/Dec/2025:12:25:00 -0500] "GET /productos/ver_productos_cliente.php?q= HTTP/1.1" 200 15099
